  ERPAgrotech-Entrega01.cpp
C:\Users\miguel\source\repos\ADS-EngenhariaSoftware2025\ProjetoERP-AGROTEC\01ModuloCadastros\03codificacao\source\ERPAgrotech-Entrega01.cpp(48,5): error C2512: 'TWindowInit::TWindowInit': nenhum construtor padrão apropriado disponível
      C:\Users\miguel\source\repos\ADS-EngenhariaSoftware2025\ProjetoERP-AGROTEC\01ModuloCadastros\03codificacao\source\ERPAgrotech-Entrega01.cpp(48,5):
      ao tentar corresponder a lista de argumentos '()'
  
C:\Users\miguel\source\repos\ADS-EngenhariaSoftware2025\ProjetoERP-AGROTEC\01ModuloCadastros\03codificacao\source\ERPAgrotech-Entrega01.cpp(47,31): error C2661: 'TWindow::TWindow': nenhuma função sobrecarregada recebe 2 argumentos
      C:\Users\miguel\source\repos\ADS-EngenhariaSoftware2025\ProjetoERP-AGROTEC\01ModuloCadastros\03codificacao\source\ERPAgrotech-Entrega01.cpp(47,31):
      ao tentar corresponder a lista de argumentos '(TRect, const char [9])'
  
C:\Users\miguel\source\repos\ADS-EngenhariaSoftware2025\ProjetoERP-AGROTEC\01ModuloCadastros\03codificacao\source\ERPAgrotech-Entrega01.cpp(57,73): error C2512: 'TWindowInit::TWindowInit': nenhum construtor padrão apropriado disponível
      C:\Users\miguel\source\repos\ADS-EngenhariaSoftware2025\ProjetoERP-AGROTEC\01ModuloCadastros\03codificacao\source\ERPAgrotech-Entrega01.cpp(57,73):
      ao tentar corresponder a lista de argumentos '()'
  
C:\Users\miguel\source\repos\ADS-EngenhariaSoftware2025\ProjetoERP-AGROTEC\01ModuloCadastros\03codificacao\source\ERPAgrotech-Entrega01.cpp(57,35): error C2661: 'TWindow::TWindow': nenhuma função sobrecarregada recebe 2 argumentos
      C:\Users\miguel\source\repos\ADS-EngenhariaSoftware2025\ProjetoERP-AGROTEC\01ModuloCadastros\03codificacao\source\ERPAgrotech-Entrega01.cpp(57,35):
      ao tentar corresponder a lista de argumentos '(TRect, const char [13])'
  
C:\Users\miguel\source\repos\ADS-EngenhariaSoftware2025\ProjetoERP-AGROTEC\01ModuloCadastros\03codificacao\source\ERPAgrotech-Entrega01.cpp(66,65): error C2512: 'TWindowInit::TWindowInit': nenhum construtor padrão apropriado disponível
      C:\Users\miguel\source\repos\ADS-EngenhariaSoftware2025\ProjetoERP-AGROTEC\01ModuloCadastros\03codificacao\source\ERPAgrotech-Entrega01.cpp(66,65):
      ao tentar corresponder a lista de argumentos '()'
  
C:\Users\miguel\source\repos\ADS-EngenhariaSoftware2025\ProjetoERP-AGROTEC\01ModuloCadastros\03codificacao\source\ERPAgrotech-Entrega01.cpp(66,31): error C2661: 'TWindow::TWindow': nenhuma função sobrecarregada recebe 2 argumentos
      C:\Users\miguel\source\repos\ADS-EngenhariaSoftware2025\ProjetoERP-AGROTEC\01ModuloCadastros\03codificacao\source\ERPAgrotech-Entrega01.cpp(66,31):
      ao tentar corresponder a lista de argumentos '(TRect, const char [9])'
  
C:\Users\miguel\source\repos\ADS-EngenhariaSoftware2025\ProjetoERP-AGROTEC\01ModuloCadastros\03codificacao\source\ERPAgrotech-Entrega01.cpp(75,70): error C2512: 'TWindowInit::TWindowInit': nenhum construtor padrão apropriado disponível
      C:\Users\miguel\source\repos\ADS-EngenhariaSoftware2025\ProjetoERP-AGROTEC\01ModuloCadastros\03codificacao\source\ERPAgrotech-Entrega01.cpp(75,70):
      ao tentar corresponder a lista de argumentos '()'
  
C:\Users\miguel\source\repos\ADS-EngenhariaSoftware2025\ProjetoERP-AGROTEC\01ModuloCadastros\03codificacao\source\ERPAgrotech-Entrega01.cpp(75,33): error C2661: 'TWindow::TWindow': nenhuma função sobrecarregada recebe 2 argumentos
      C:\Users\miguel\source\repos\ADS-EngenhariaSoftware2025\ProjetoERP-AGROTEC\01ModuloCadastros\03codificacao\source\ERPAgrotech-Entrega01.cpp(75,33):
      ao tentar corresponder a lista de argumentos '(TRect, const char [11])'
  
C:\Users\miguel\source\repos\ADS-EngenhariaSoftware2025\ProjetoERP-AGROTEC\01ModuloCadastros\03codificacao\source\ERPAgrotech-Entrega01.cpp(129,24): error C2059: erro de sintaxe: ':'
C:\Users\miguel\source\repos\ADS-EngenhariaSoftware2025\ProjetoERP-AGROTEC\01ModuloCadastros\03codificacao\source\ERPAgrotech-Entrega01.cpp(129,26): error C2143: erro de sintaxe: ';' ausente antes de '{'
C:\Users\miguel\source\repos\ADS-EngenhariaSoftware2025\ProjetoERP-AGROTEC\01ModuloCadastros\03codificacao\source\ERPAgrotech-Entrega01.cpp(134,28): error C2059: erro de sintaxe: ':'
C:\Users\miguel\source\repos\ADS-EngenhariaSoftware2025\ProjetoERP-AGROTEC\01ModuloCadastros\03codificacao\source\ERPAgrotech-Entrega01.cpp(134,30): error C2143: erro de sintaxe: ';' ausente antes de '{'
C:\Users\miguel\source\repos\ADS-EngenhariaSoftware2025\ProjetoERP-AGROTEC\01ModuloCadastros\03codificacao\source\ERPAgrotech-Entrega01.cpp(139,24): error C2059: erro de sintaxe: ':'
C:\Users\miguel\source\repos\ADS-EngenhariaSoftware2025\ProjetoERP-AGROTEC\01ModuloCadastros\03codificacao\source\ERPAgrotech-Entrega01.cpp(139,26): error C2143: erro de sintaxe: ';' ausente antes de '{'
C:\Users\miguel\source\repos\ADS-EngenhariaSoftware2025\ProjetoERP-AGROTEC\01ModuloCadastros\03codificacao\source\ERPAgrotech-Entrega01.cpp(144,26): error C2059: erro de sintaxe: ':'
C:\Users\miguel\source\repos\ADS-EngenhariaSoftware2025\ProjetoERP-AGROTEC\01ModuloCadastros\03codificacao\source\ERPAgrotech-Entrega01.cpp(144,28): error C2143: erro de sintaxe: ';' ausente antes de '{'
C:\Users\miguel\source\repos\ADS-EngenhariaSoftware2025\ProjetoERP-AGROTEC\01ModuloCadastros\03codificacao\source\ERPAgrotech-Entrega01.cpp(149,25): error C2059: erro de sintaxe: ':'
C:\Users\miguel\source\repos\ADS-EngenhariaSoftware2025\ProjetoERP-AGROTEC\01ModuloCadastros\03codificacao\source\ERPAgrotech-Entrega01.cpp(149,27): error C2143: erro de sintaxe: ';' ausente antes de '{'
C:\Users\miguel\source\repos\ADS-EngenhariaSoftware2025\ProjetoERP-AGROTEC\01ModuloCadastros\03codificacao\source\ERPAgrotech-Entrega01.cpp(153,29): error C2059: erro de sintaxe: ':'
C:\Users\miguel\source\repos\ADS-EngenhariaSoftware2025\ProjetoERP-AGROTEC\01ModuloCadastros\03codificacao\source\ERPAgrotech-Entrega01.cpp(153,31): error C2143: erro de sintaxe: ';' ausente antes de '{'
C:\Users\miguel\source\repos\ADS-EngenhariaSoftware2025\ProjetoERP-AGROTEC\01ModuloCadastros\03codificacao\source\ERPAgrotech-Entrega01.cpp(157,25): error C2059: erro de sintaxe: ':'
C:\Users\miguel\source\repos\ADS-EngenhariaSoftware2025\ProjetoERP-AGROTEC\01ModuloCadastros\03codificacao\source\ERPAgrotech-Entrega01.cpp(157,27): error C2143: erro de sintaxe: ';' ausente antes de '{'
C:\Users\miguel\source\repos\ADS-EngenhariaSoftware2025\ProjetoERP-AGROTEC\01ModuloCadastros\03codificacao\source\ERPAgrotech-Entrega01.cpp(161,9): warning C4060: instrução switch não contém nenhum rótulo 'case' ou 'default'
C:\Users\miguel\source\repos\ADS-EngenhariaSoftware2025\ProjetoERP-AGROTEC\01ModuloCadastros\03codificacao\source\ERPAgrotech-Entrega01.cpp(175,50): error C2059: erro de sintaxe: ','
C:\Users\miguel\source\repos\ADS-EngenhariaSoftware2025\ProjetoERP-AGROTEC\01ModuloCadastros\03codificacao\source\ERPAgrotech-Entrega01.cpp(172,37): error C2661: 'TMenuBar::TMenuBar': nenhuma função sobrecarregada recebe 4 argumentos
      C:\Users\miguel\source\repos\ADS-EngenhariaSoftware2025\ProjetoERP-AGROTEC\01ModuloCadastros\03codificacao\source\ERPAgrotech-Entrega01.cpp(172,37):
      ao tentar corresponder a lista de argumentos '(TRect, const ushort, const ushort, const char [1])'
  
C:\Users\miguel\source\repos\ADS-EngenhariaSoftware2025\ProjetoERP-AGROTEC\01ModuloCadastros\03codificacao\source\ERPAgrotech-Entrega01.cpp(176,58): error C2059: erro de sintaxe: ','
C:\Users\miguel\source\repos\ADS-EngenhariaSoftware2025\ProjetoERP-AGROTEC\01ModuloCadastros\03codificacao\source\ERPAgrotech-Entrega01.cpp(176,60): error C2512: 'TMenuItem': nenhum construtor padrão apropriado disponível
      C:\Users\miguel\source\repos\ADS-EngenhariaSoftware2025\ProjetoERP-AGROTEC\01ModuloCadastros\03codificacao\include\tvision\menus.h(40,7):
      consulte a declaração de 'TMenuItem'
  
C:\Users\miguel\source\repos\ADS-EngenhariaSoftware2025\ProjetoERP-AGROTEC\01ModuloCadastros\03codificacao\source\ERPAgrotech-Entrega01.cpp(176,69): error C2512: 'TMenuItem': nenhum construtor padrão apropriado disponível
      C:\Users\miguel\source\repos\ADS-EngenhariaSoftware2025\ProjetoERP-AGROTEC\01ModuloCadastros\03codificacao\include\tvision\menus.h(40,7):
      consulte a declaração de 'TMenuItem'
  
C:\Users\miguel\source\repos\ADS-EngenhariaSoftware2025\ProjetoERP-AGROTEC\01ModuloCadastros\03codificacao\source\ERPAgrotech-Entrega01.cpp(176,82): error C2059: erro de sintaxe: 'cadeia de caracteres'
